\BOOKMARK [0][-]{chapter.1}{\376\377\227\000\154\102\122\006\147\220\145\207\150\143}{}% 1
\BOOKMARK [1][-]{section.1.1}{\376\377\230\171\166\356\133\232\117\115}{chapter.1}% 2
\BOOKMARK [2][-]{subsection.1.1.1}{\376\377\230\171\166\356\200\314\146\157}{section.1.1}% 3
\BOOKMARK [2][-]{subsection.1.1.2}{\376\377\136\372\213\276\166\356\150\007}{section.1.1}% 4
\BOOKMARK [2][-]{subsection.1.1.3}{\376\377\230\171\166\356\116\367\120\074}{section.1.1}% 5
\BOOKMARK [2][-]{subsection.1.1.4}{\376\377\166\356\150\007\165\050\142\067}{section.1.1}% 6
\BOOKMARK [1][-]{section.1.2}{\376\377\217\320\210\114\163\257\130\203}{chapter.1}% 7
\BOOKMARK [2][-]{subsection.1.2.1}{\376\377\213\276\131\007\163\257\130\203}{section.1.2}% 8
\BOOKMARK [2][-]{subsection.1.2.2}{\376\377\143\245\123\343\163\257\130\203}{section.1.2}% 9
\BOOKMARK [2][-]{subsection.1.2.3}{\376\377\220\350\177\162\163\257\130\203}{section.1.2}% 10
\BOOKMARK [1][-]{section.1.3}{\376\377\217\157\116\366\227\000\154\102}{chapter.1}% 11
\BOOKMARK [2][-]{subsection.1.3.1}{\376\377\122\237\200\375\227\000\154\102}{section.1.3}% 12
\BOOKMARK [2][-]{subsection.1.3.2}{\376\377\227\136\122\237\200\375\140\047\227\000\154\102}{section.1.3}% 13
\BOOKMARK [2][-]{subsection.1.3.3}{\376\377\227\000\154\102\176\246\147\137\116\016\116\032\122\241\211\304\122\031}{section.1.3}% 14
\BOOKMARK [2][-]{subsection.1.3.4}{\376\377\217\157\116\366\140\073\117\123\155\101\172\013}{section.1.3}% 15
\BOOKMARK [2][-]{subsection.1.3.5}{\376\377\217\157\116\366\117\123\174\373\176\323\147\204}{section.1.3}% 16
\BOOKMARK [1][-]{section.1.4}{\376\377\217\157\116\366\227\000\154\102\143\317\217\360\122\006\147\220}{chapter.1}% 17
\BOOKMARK [2][-]{subsection.1.4.1}{\376\377\142\147\210\114\200\005}{section.1.4}% 18
\BOOKMARK [2][-]{subsection.1.4.2}{\376\377\142\147\210\114\200\005\121\163\174\373}{section.1.4}% 19
\BOOKMARK [2][-]{subsection.1.4.3}{\376\377\153\317\171\315\165\050\142\067\166\204\165\050\117\213}{section.1.4}% 20
\BOOKMARK [1][-]{section.1.5}{\376\377\227\000\154\102\122\006\147\220\040\024\040\024\145\160\143\156\136\372\152\041}{chapter.1}% 21
\BOOKMARK [2][-]{subsection.1.5.1}{\376\377\174\373\176\337\000\040\000E\000R\000\040\126\376}{section.1.5}% 22
\BOOKMARK [2][-]{subsection.1.5.2}{\376\377\174\373\176\337\140\073\117\123\000\040\000U\000M\000L\000\040\174\173\126\376}{section.1.5}% 23
\BOOKMARK [2][-]{subsection.1.5.3}{\376\377\124\004\133\120\174\373\176\337\150\070\137\303\174\173\126\376}{section.1.5}% 24
\BOOKMARK [2][-]{subsection.1.5.4}{\376\377\150\070\137\303\145\160\143\156\133\127\121\170}{section.1.5}% 25
\BOOKMARK [1][-]{section.1.6}{\376\377\227\000\154\102\122\006\147\220\040\024\040\024\210\114\116\072\136\372\152\041}{chapter.1}% 26
\BOOKMARK [2][-]{subsection.1.6.1}{\376\377\165\050\142\067\116\016\147\103\226\120\173\241\164\006\155\101\172\013}{section.1.6}% 27
\BOOKMARK [2][-]{subsection.1.6.2}{\376\377\146\172\200\375\133\374\211\310\155\101\172\013}{section.1.6}% 28
\BOOKMARK [2][-]{subsection.1.6.3}{\376\377\126\376\162\107\213\306\122\053\225\356\173\124\155\101\172\013}{section.1.6}% 29
\BOOKMARK [2][-]{subsection.1.6.4}{\376\377\167\345\213\306\136\223\173\241\164\006\155\101\172\013}{section.1.6}% 30
\BOOKMARK [2][-]{subsection.1.6.5}{\376\377\000A\000I\000\040\133\374\156\070\133\236\213\255\155\101\172\013}{section.1.6}% 31
\BOOKMARK [2][-]{subsection.1.6.6}{\376\377\167\037\116\272\133\374\156\070\123\117\124\014\155\101\172\013}{section.1.6}% 32
\BOOKMARK [2][-]{subsection.1.6.7}{\376\377\123\315\231\210\116\016\145\345\137\327\131\004\164\006\155\101\172\013}{section.1.6}% 33
\BOOKMARK [1][-]{section.1.7}{\376\377\227\000\154\102\217\375\216\052\167\351\226\065}{chapter.1}% 34
\BOOKMARK [0][-]{chapter.2}{\376\377\174\373\176\337\213\276\213\241\145\207\150\143}{}% 35
\BOOKMARK [1][-]{section.2.1}{\376\377\137\025\212\000}{chapter.2}% 36
\BOOKMARK [2][-]{subsection.2.1.1}{\376\377\213\276\213\241\166\356\150\007}{section.2.1}% 37
\BOOKMARK [2][-]{subsection.2.1.2}{\376\377\213\276\213\241\117\235\143\156}{section.2.1}% 38
\BOOKMARK [2][-]{subsection.2.1.3}{\376\377\213\276\213\241\123\237\122\031}{section.2.1}% 39
\BOOKMARK [2][-]{subsection.2.1.4}{\376\377\174\373\176\337\217\320\210\114\200\375\122\233}{section.2.1}% 40
\BOOKMARK [1][-]{section.2.2}{\376\377\151\202\211\201\213\276\213\241}{chapter.2}% 41
\BOOKMARK [2][-]{subsection.2.2.1}{\376\377\174\373\176\337\140\073\117\123\147\266\147\204}{section.2.2}% 42
\BOOKMARK [2][-]{subsection.2.2.2}{\376\377\140\073\117\123\142\200\147\057\220\011\127\213}{section.2.2}% 43
\BOOKMARK [2][-]{subsection.2.2.3}{\376\377\133\120\174\373\176\337\122\022\122\006}{section.2.2}% 44
\BOOKMARK [2][-]{subsection.2.2.4}{\376\377\174\373\176\337\217\157\116\366\176\323\147\204\213\276\213\241}{section.2.2}% 45
\BOOKMARK [2][-]{subsection.2.2.5}{\376\377\220\350\177\162\151\202\211\201\213\276\213\241}{section.2.2}% 46
\BOOKMARK [2][-]{subsection.2.2.6}{\376\377\121\163\225\056\116\032\122\241\155\101\172\013\151\202\211\201}{section.2.2}% 47
\BOOKMARK [1][-]{section.2.3}{\376\377\213\346\176\306\213\276\213\241}{chapter.2}% 48
\BOOKMARK [2][-]{subsection.2.3.1}{\376\377\140\073\117\123\174\173\176\323\147\204\213\276\213\241}{section.2.3}% 49
\BOOKMARK [2][-]{subsection.2.3.2}{\376\377\165\050\142\067\116\016\147\103\226\120\133\120\174\373\176\337\213\346\176\306\213\276\213\241}{section.2.3}% 50
\BOOKMARK [2][-]{subsection.2.3.3}{\376\377\146\172\200\375\133\374\211\310\133\120\174\373\176\337\213\346\176\306\213\276\213\241}{section.2.3}% 51
\BOOKMARK [2][-]{subsection.2.3.4}{\376\377\167\345\213\306\136\223\173\241\164\006\133\120\174\373\176\337\213\346\176\306\213\276\213\241}{section.2.3}% 52
\BOOKMARK [2][-]{subsection.2.3.5}{\376\377\000A\000I\000\040\133\374\156\070\133\236\213\255\133\120\174\373\176\337\213\346\176\306\213\276\213\241}{section.2.3}% 53
\BOOKMARK [2][-]{subsection.2.3.6}{\376\377\167\037\116\272\133\374\156\070\123\117\124\014\133\120\174\373\176\337\213\346\176\306\213\276\213\241}{section.2.3}% 54
\BOOKMARK [2][-]{subsection.2.3.7}{\376\377\143\245\123\343\213\346\176\306\213\276\213\241}{section.2.3}% 55
\BOOKMARK [2][-]{subsection.2.3.8}{\376\377\145\160\143\156\133\130\120\250\213\346\176\306\213\276\213\241}{section.2.3}% 56
\BOOKMARK [2][-]{subsection.2.3.9}{\376\377\137\002\136\070\116\016\133\211\121\150\213\276\213\241}{section.2.3}% 57
\BOOKMARK [2][-]{subsection.2.3.10}{\376\377\123\357\211\302\155\113\140\047\116\016\176\364\142\244\213\276\213\241}{section.2.3}% 58
\BOOKMARK [2][-]{subsection.2.3.11}{\376\377\213\276\213\241\176\246\147\137\116\016\217\320\210\114\117\335\226\234}{section.2.3}% 59
\BOOKMARK [0][-]{chapter.3}{\376\377\217\157\116\366\155\113\213\325\145\207\150\143}{}% 60
\BOOKMARK [1][-]{section.3.1}{\376\377\155\113\213\325\151\202\217\360}{chapter.3}% 61
\BOOKMARK [2][-]{subsection.3.1.1}{\376\377\155\113\213\325\166\356\150\007}{section.3.1}% 62
\BOOKMARK [2][-]{subsection.3.1.2}{\376\377\155\113\213\325\203\003\126\364}{section.3.1}% 63
\BOOKMARK [2][-]{subsection.3.1.3}{\376\377\155\113\213\325\163\257\130\203}{section.3.1}% 64
\BOOKMARK [2][-]{subsection.3.1.4}{\376\377\155\113\213\325\121\306\121\145\116\016\121\306\121\372}{section.3.1}% 65
\BOOKMARK [1][-]{section.3.2}{\376\377\155\113\213\325\142\147\210\114\145\271\137\017}{chapter.3}% 66
\BOOKMARK [2][-]{subsection.3.2.1}{\376\377\155\113\213\325\176\247\122\053}{section.3.2}% 67
\BOOKMARK [2][-]{subsection.3.2.2}{\376\377\155\113\213\325\174\173\127\213\211\206\166\326}{section.3.2}% 68
\BOOKMARK [1][-]{section.3.3}{\376\377\123\125\121\103\155\113\213\325\142\147\210\114\121\205\133\271}{chapter.3}% 69
\BOOKMARK [2][-]{subsection.3.3.1}{\376\377\123\125\121\103\155\113\213\325\211\206\166\326\121\205\133\271}{section.3.3}% 70
\BOOKMARK [2][-]{subsection.3.3.2}{\376\377\123\125\121\103\155\113\213\325\176\323\147\234}{section.3.3}% 71
\BOOKMARK [1][-]{section.3.4}{\376\377\226\306\142\020\155\113\213\325\142\147\210\114\121\205\133\271}{chapter.3}% 72
\BOOKMARK [2][-]{subsection.3.4.1}{\376\377\226\306\142\020\155\113\213\325\211\206\166\326\121\205\133\271}{section.3.4}% 73
\BOOKMARK [2][-]{subsection.3.4.2}{\376\377\226\306\142\020\155\113\213\325\145\160\143\156}{section.3.4}% 74
\BOOKMARK [1][-]{section.3.5}{\376\377\143\245\123\343\155\113\213\325\142\147\210\114\121\205\133\271}{chapter.3}% 75
\BOOKMARK [2][-]{subsection.3.5.1}{\376\377\143\245\123\343\155\113\213\325\211\206\166\326\121\205\133\271}{section.3.5}% 76
\BOOKMARK [1][-]{section.3.6}{\376\377\174\373\176\337\155\113\213\325\142\147\210\114\121\205\133\271}{chapter.3}% 77
\BOOKMARK [2][-]{subsection.3.6.1}{\376\377\150\070\137\303\122\237\200\375\155\113\213\325\176\323\147\234}{section.3.6}% 78
\BOOKMARK [2][-]{subsection.3.6.2}{\376\377\137\002\136\070\116\016\217\271\165\114\155\113\213\325\176\323\147\234}{section.3.6}% 79
\BOOKMARK [1][-]{section.3.7}{\376\377\227\136\122\237\200\375\155\113\213\325}{chapter.3}% 80
\BOOKMARK [2][-]{subsection.3.7.1}{\376\377\140\047\200\375\155\113\213\325}{section.3.7}% 81
\BOOKMARK [2][-]{subsection.3.7.2}{\376\377\133\211\121\150\155\113\213\325}{section.3.7}% 82
\BOOKMARK [2][-]{subsection.3.7.3}{\376\377\121\174\133\271\140\047\116\016\123\357\165\050\140\047\155\113\213\325}{section.3.7}% 83
\BOOKMARK [1][-]{section.3.8}{\376\377\155\113\213\325\142\147\210\114\116\016\213\260\137\125}{chapter.3}% 84
\BOOKMARK [2][-]{subsection.3.8.1}{\376\377\155\113\213\325\155\101\172\013}{section.3.8}% 85
\BOOKMARK [2][-]{subsection.3.8.2}{\376\377\155\113\213\325\213\260\137\125\210\150}{section.3.8}% 86
\BOOKMARK [2][-]{subsection.3.8.3}{\376\377\126\336\137\122\155\113\213\325}{section.3.8}% 87
\BOOKMARK [1][-]{section.3.9}{\376\377\177\072\226\167\173\241\164\006}{chapter.3}% 88
\BOOKMARK [2][-]{subsection.3.9.1}{\376\377\177\072\226\167\122\006\174\173}{section.3.9}% 89
\BOOKMARK [2][-]{subsection.3.9.2}{\376\377\177\072\226\167\173\111\176\247}{section.3.9}% 90
\BOOKMARK [2][-]{subsection.3.9.3}{\376\377\177\072\226\167\117\356\131\015\155\101\172\013}{section.3.9}% 91
\BOOKMARK [1][-]{section.3.10}{\376\377\155\113\213\325\176\323\147\234\154\107\140\073}{chapter.3}% 92
\BOOKMARK [2][-]{subsection.3.10.1}{\376\377\155\113\213\325\142\147\210\114\154\107\140\073}{section.3.10}% 93
\BOOKMARK [2][-]{subsection.3.10.2}{\376\377\122\237\200\375\155\113\213\325\176\323\147\234}{section.3.10}% 94
\BOOKMARK [2][-]{subsection.3.10.3}{\376\377\143\245\123\343\155\113\213\325\176\323\147\234}{section.3.10}% 95
\BOOKMARK [2][-]{subsection.3.10.4}{\376\377\227\136\122\237\200\375\155\113\213\325\176\323\147\234}{section.3.10}% 96
\BOOKMARK [2][-]{subsection.3.10.5}{\376\377\177\072\226\167\176\337\213\241\176\323\147\234}{section.3.10}% 97
\BOOKMARK [2][-]{subsection.3.10.6}{\376\377\155\113\213\325\176\323\147\234\213\364\146\016}{section.3.10}% 98
\BOOKMARK [1][-]{section.3.11}{\376\377\155\113\213\325\176\323\213\272}{chapter.3}% 99
\BOOKMARK [0][-]{chapter.4}{\376\377\165\050\142\067\117\177\165\050\213\364\146\016\116\146}{}% 100
\BOOKMARK [1][-]{section.4.1}{\376\377\217\157\116\366\151\202\217\360}{chapter.4}% 101
\BOOKMARK [2][-]{subsection.4.1.1}{\376\377\217\157\116\366\133\232\117\115}{section.4.1}% 102
\BOOKMARK [2][-]{subsection.4.1.2}{\376\377\165\050\142\067\211\322\202\162}{section.4.1}% 103
\BOOKMARK [2][-]{subsection.4.1.3}{\376\377\122\237\200\375\140\073\211\310}{section.4.1}% 104
\BOOKMARK [1][-]{section.4.2}{\376\377\217\320\210\114\163\257\130\203}{chapter.4}% 105
\BOOKMARK [2][-]{subsection.4.2.1}{\376\377\147\015\122\241\126\150\172\357\163\257\130\203}{section.4.2}% 106
\BOOKMARK [2][-]{subsection.4.2.2}{\376\377\133\242\142\067\172\357\163\257\130\203}{section.4.2}% 107
\BOOKMARK [2][-]{subsection.4.2.3}{\376\377\231\226\153\041\117\177\165\050\121\306\131\007}{section.4.2}% 108
\BOOKMARK [1][-]{section.4.3}{\376\377\124\004\133\242\142\067\172\357\217\333\121\145\145\271\137\017}{chapter.4}% 109
\BOOKMARK [2][-]{subsection.4.3.1}{\376\377\230\171\166\356\121\145\123\343\230\165}{section.4.3}% 110
\BOOKMARK [2][-]{subsection.4.3.2}{\376\377\156\070\133\242\172\357\217\333\121\145\145\271\137\017}{section.4.3}% 111
\BOOKMARK [2][-]{subsection.4.3.3}{\376\377\133\146\165\037\172\357\217\333\121\145\145\271\137\017}{section.4.3}% 112
\BOOKMARK [2][-]{subsection.4.3.4}{\376\377\133\374\156\070\172\357\217\333\121\145\145\271\137\017}{section.4.3}% 113
\BOOKMARK [2][-]{subsection.4.3.5}{\376\377\173\241\164\006\172\357\217\333\121\145\145\271\137\017}{section.4.3}% 114
\BOOKMARK [1][-]{section.4.4}{\376\377\156\070\133\242\172\357\213\346\176\306\117\177\165\050\213\364\146\016}{chapter.4}% 115
\BOOKMARK [2][-]{subsection.4.4.1}{\376\377\145\207\147\054\225\356\173\124}{section.4.4}% 116
\BOOKMARK [2][-]{subsection.4.4.2}{\376\377\213\355\227\363\225\356\173\124}{section.4.4}% 117
\BOOKMARK [2][-]{subsection.4.4.3}{\376\377\126\376\162\107\225\356\173\124}{section.4.4}% 118
\BOOKMARK [2][-]{subsection.4.4.4}{\376\377\131\032\213\355\213\262\211\343}{section.4.4}% 119
\BOOKMARK [2][-]{subsection.4.4.5}{\376\377\215\357\176\277\143\250\203\120}{section.4.4}% 120
\BOOKMARK [1][-]{section.4.5}{\376\377\133\146\165\037\172\357\213\346\176\306\117\177\165\050\213\364\146\016}{chapter.4}% 121
\BOOKMARK [2][-]{subsection.4.5.1}{\376\377\220\011\142\351\213\255\176\303\127\072\146\157}{section.4.5}% 122
\BOOKMARK [2][-]{subsection.4.5.2}{\376\377\133\214\142\020\206\132\142\337\156\070\133\242\225\356\173\124}{section.4.5}% 123
\BOOKMARK [2][-]{subsection.4.5.3}{\376\377\147\345\167\013\213\304\122\006\142\245\124\112}{section.4.5}% 124
\BOOKMARK [2][-]{subsection.4.5.4}{\376\377\147\345\167\013\213\255\176\303\123\206\123\362}{section.4.5}% 125
\BOOKMARK [1][-]{section.4.6}{\376\377\133\374\156\070\172\357\213\346\176\306\117\177\165\050\213\364\146\016}{chapter.4}% 126
\BOOKMARK [2][-]{subsection.4.6.1}{\376\377\147\345\167\013\156\070\133\242\117\032\213\335}{section.4.6}% 127
\BOOKMARK [2][-]{subsection.4.6.2}{\376\377\116\272\135\345\143\245\173\241\117\032\213\335}{section.4.6}% 128
\BOOKMARK [2][-]{subsection.4.6.3}{\376\377\143\320\116\244\126\336\173\124\117\356\153\143}{section.4.6}% 129
\BOOKMARK [1][-]{section.4.7}{\376\377\173\241\164\006\172\357\213\346\176\306\117\177\165\050\213\364\146\016}{chapter.4}% 130
\BOOKMARK [2][-]{subsection.4.7.1}{\376\377\165\050\142\067\116\016\211\322\202\162\173\241\164\006}{section.4.7}% 131
\BOOKMARK [2][-]{subsection.4.7.2}{\376\377\167\345\213\306\145\207\150\143\116\012\117\040}{section.4.7}% 132
\BOOKMARK [2][-]{subsection.4.7.3}{\376\377\167\345\213\306\122\007\162\107\133\241\150\070}{section.4.7}% 133
\BOOKMARK [2][-]{subsection.4.7.4}{\376\377\147\057\213\355\176\364\142\244}{section.4.7}% 134
\BOOKMARK [2][-]{subsection.4.7.5}{\376\377\145\207\123\026\126\376\214\061\176\364\142\244}{section.4.7}% 135
\BOOKMARK [2][-]{subsection.4.7.6}{\376\377\145\345\137\327\147\345\213\342}{section.4.7}% 136
\BOOKMARK [2][-]{subsection.4.7.7}{\376\377\174\373\176\337\217\320\210\114\162\266\140\001\147\345\167\013}{section.4.7}% 137
\BOOKMARK [1][-]{section.4.8}{\376\377\136\070\211\301\144\315\117\134\225\356\230\230}{chapter.4}% 138
\BOOKMARK [2][-]{subsection.4.8.1}{\376\377\166\173\137\125\131\061\215\045}{section.4.8}% 139
\BOOKMARK [2][-]{subsection.4.8.2}{\376\377\145\340\154\325\137\125\227\363\142\026\142\315\161\147}{section.4.8}% 140
\BOOKMARK [2][-]{subsection.4.8.3}{\376\377\225\356\173\124\176\323\147\234\116\072\172\172}{section.4.8}% 141
\BOOKMARK [2][-]{subsection.4.8.4}{\376\377\116\012\117\040\131\061\215\045}{section.4.8}% 142
\BOOKMARK [2][-]{subsection.4.8.5}{\376\377\213\255\176\303\142\245\124\112\147\052\165\037\142\020}{section.4.8}% 143
\BOOKMARK [1][-]{section.4.9}{\376\377\117\177\165\050\154\350\141\017\116\213\230\171}{chapter.4}% 144
\BOOKMARK [0][-]{chapter.5}{\376\377\162\110\147\054\213\260\137\125\116\016\230\171\166\356\122\006\135\345}{}% 145
\BOOKMARK [1][-]{section.5.1}{\376\377\162\110\147\054\146\364\145\260\213\260\137\125}{chapter.5}% 146
\BOOKMARK [1][-]{section.5.2}{\376\377\176\304\124\130\122\006\135\345\210\150}{chapter.5}% 147
\BOOKMARK [1][-]{section.5.3}{\376\377\123\117\117\134\116\016\133\241\150\070\213\260\137\125}{chapter.5}% 148
